2021-01-10 02:42:07.867  INFO 8956 --- [main] c.c.MockServer.MockServerApplication     : Starting MockServerApplication using Java 11.0.9.1 on Anisha-Inspiron with PID 8956 (/home/anisha/Downloads/MockServer/target/classes started by anisha in /home/anisha/Downloads/MockServer)
2021-01-10 02:42:07.871  INFO 8956 --- [main] c.c.MockServer.MockServerApplication     : No active profile set, falling back to default profiles: default
2021-01-10 02:42:08.837  INFO 8956 --- [main] o.s.b.w.embedded.tomcat.TomcatWebServer  : Tomcat initialized with port(s): 8081 (http)
2021-01-10 02:42:08.851  INFO 8956 --- [main] o.apache.catalina.core.StandardService   : Starting service [Tomcat]
2021-01-10 02:42:08.852  INFO 8956 --- [main] org.apache.catalina.core.StandardEngine  : Starting Servlet engine: [Apache Tomcat/9.0.41]
2021-01-10 02:42:08.906  INFO 8956 --- [main] o.a.c.c.C.[Tomcat].[localhost].[/]       : Initializing Spring embedded WebApplicationContext
2021-01-10 02:42:08.906  INFO 8956 --- [main] w.s.c.ServletWebServerApplicationContext : Root WebApplicationContext: initialization completed in 968 ms
2021-01-10 02:42:09.196  INFO 8956 --- [main] o.s.s.concurrent.ThreadPoolTaskExecutor  : Initializing ExecutorService 'applicationTaskExecutor'
2021-01-10 02:42:09.443  INFO 8956 --- [main] o.s.b.w.embedded.tomcat.TomcatWebServer  : Tomcat started on port(s): 8081 (http) with context path ''
2021-01-10 02:42:09.457  INFO 8956 --- [main] c.c.MockServer.MockServerApplication     : Started MockServerApplication in 2.087 seconds (JVM running for 2.429)
2021-01-10 02:42:30.367  INFO 8956 --- [http-nio-8081-exec-1] o.a.c.c.C.[Tomcat].[localhost].[/]       : Initializing Spring DispatcherServlet 'dispatcherServlet'
2021-01-10 02:42:30.368  INFO 8956 --- [http-nio-8081-exec-1] o.s.web.servlet.DispatcherServlet        : Initializing Servlet 'dispatcherServlet'
2021-01-10 02:42:30.369  INFO 8956 --- [http-nio-8081-exec-1] o.s.web.servlet.DispatcherServlet        : Completed initialization in 1 ms
2021-01-10 02:42:30.460  INFO 8956 --- [http-nio-8081-exec-1] c.c.M.controller.AuthorController        : inside setAuthor
2021-01-10 02:42:30.467  INFO 8956 --- [http-nio-8081-exec-1] c.c.M.controller.AuthorController        : setAuthor completed 401
2021-01-10 02:44:33.909  INFO 8956 --- [http-nio-8081-exec-5] c.c.M.controller.AuthorController        : inside setAuthor
2021-01-10 02:44:33.911  INFO 8956 --- [http-nio-8081-exec-5] c.c.M.controller.AuthorController        : setAuthor completed 401
2021-01-10 02:44:55.683  INFO 8956 --- [http-nio-8081-exec-6] c.c.M.controller.PostsController         : inside setPosts
2021-01-10 02:44:55.706  INFO 8956 --- [http-nio-8081-exec-6] c.c.M.controller.PostsController         : setPosts completed 200
2021-01-10 02:45:11.430  INFO 8956 --- [http-nio-8081-exec-7] c.c.M.controller.PostsController         : inside getAllPostsData
2021-01-10 02:45:11.432  INFO 8956 --- [http-nio-8081-exec-7] c.c.M.controller.PostsController         : getAllPostsData completed 200
2021-01-10 02:46:11.644  INFO 8956 --- [http-nio-8081-exec-10] c.c.M.controller.PostsController         : inside setPosts
2021-01-10 02:46:11.652  INFO 8956 --- [http-nio-8081-exec-10] c.c.M.controller.PostsController         : setPosts completed 200
2021-01-10 02:46:26.220  INFO 8956 --- [http-nio-8081-exec-2] c.c.M.controller.PostsController         : inside getAllPostsData
2021-01-10 02:46:26.223  INFO 8956 --- [http-nio-8081-exec-2] c.c.M.controller.PostsController         : getAllPostsData completed 200
2021-01-10 02:50:25.019  INFO 8956 --- [http-nio-8081-exec-4] c.c.M.controller.AuthorController        : inside setAuthor
2021-01-10 02:50:25.028  INFO 8956 --- [http-nio-8081-exec-4] c.c.M.controller.AuthorController        : setAuthor completed 200
2021-01-10 02:50:54.776  INFO 8956 --- [http-nio-8081-exec-5] c.c.M.controller.AuthorController        : inside setAuthor
2021-01-10 02:50:54.786  INFO 8956 --- [http-nio-8081-exec-5] c.c.M.controller.AuthorController        : setAuthor completed 200
2021-01-10 02:51:03.357  INFO 8956 --- [http-nio-8081-exec-6] c.c.M.controller.AuthorController        : inside setAuthor
2021-01-10 02:51:03.364  INFO 8956 --- [http-nio-8081-exec-6] c.c.M.controller.AuthorController        : setAuthor completed 200
2021-01-10 02:51:17.316  INFO 8956 --- [http-nio-8081-exec-7] c.c.M.controller.AuthorController        : inside getAllAuthorData
2021-01-10 02:51:17.318  INFO 8956 --- [http-nio-8081-exec-7] c.c.M.controller.AuthorController        : getAllAuthorData completed 200
2021-01-10 02:55:14.295  WARN 8956 --- [http-nio-8081-exec-2] .w.s.m.s.DefaultHandlerExceptionResolver : Resolved [org.springframework.web.HttpRequestMethodNotSupportedException: Request method 'POST' not supported]
2021-01-10 02:57:51.937  WARN 8956 --- [http-nio-8081-exec-4] .w.s.m.s.DefaultHandlerExceptionResolver : Resolved [org.springframework.web.HttpRequestMethodNotSupportedException: Request method 'POST' not supported]
2021-01-10 02:59:41.732  WARN 8956 --- [http-nio-8081-exec-7] .w.s.m.s.DefaultHandlerExceptionResolver : Resolved [org.springframework.web.HttpRequestMethodNotSupportedException: Request method 'POST' not supported]
2021-01-10 02:59:55.768  WARN 8956 --- [http-nio-8081-exec-8] .w.s.m.s.DefaultHandlerExceptionResolver : Resolved [org.springframework.web.HttpRequestMethodNotSupportedException: Request method 'POST' not supported]
2021-01-10 03:01:24.542  WARN 8956 --- [http-nio-8081-exec-2] .w.s.m.s.DefaultHandlerExceptionResolver : Resolved [org.springframework.web.HttpRequestMethodNotSupportedException: Request method 'POST' not supported]
2021-01-10 03:02:00.695  INFO 8956 --- [http-nio-8081-exec-1] c.c.M.controller.AuthorController        : inside updateAuthor3
2021-01-10 03:02:00.699  INFO 8956 --- [http-nio-8081-exec-1] c.c.M.controller.AuthorController        : update Author completed null
2021-01-10 03:04:46.500  INFO 8956 --- [http-nio-8081-exec-5] c.c.M.controller.AuthorController        : inside getAllAuthorData
2021-01-10 03:04:46.503  INFO 8956 --- [http-nio-8081-exec-5] c.c.M.controller.AuthorController        : getAuthor completed null
2021-01-10 03:07:09.490  INFO 8956 --- [SpringContextShutdownHook] o.s.s.concurrent.ThreadPoolTaskExecutor  : Shutting down ExecutorService 'applicationTaskExecutor'
2021-01-10 03:07:16.419  INFO 10037 --- [main] c.c.MockServer.MockServerApplication     : Starting MockServerApplication using Java 11.0.9.1 on Anisha-Inspiron with PID 10037 (/home/anisha/Downloads/MockServer/target/classes started by anisha in /home/anisha/Downloads/MockServer)
2021-01-10 03:07:16.423  INFO 10037 --- [main] c.c.MockServer.MockServerApplication     : No active profile set, falling back to default profiles: default
2021-01-10 03:07:17.560  INFO 10037 --- [main] o.s.b.w.embedded.tomcat.TomcatWebServer  : Tomcat initialized with port(s): 8081 (http)
2021-01-10 03:07:17.572  INFO 10037 --- [main] o.apache.catalina.core.StandardService   : Starting service [Tomcat]
2021-01-10 03:07:17.573  INFO 10037 --- [main] org.apache.catalina.core.StandardEngine  : Starting Servlet engine: [Apache Tomcat/9.0.41]
2021-01-10 03:07:17.636  INFO 10037 --- [main] o.a.c.c.C.[Tomcat].[localhost].[/]       : Initializing Spring embedded WebApplicationContext
2021-01-10 03:07:17.636  INFO 10037 --- [main] w.s.c.ServletWebServerApplicationContext : Root WebApplicationContext: initialization completed in 1131 ms
2021-01-10 03:07:17.895  INFO 10037 --- [main] o.s.s.concurrent.ThreadPoolTaskExecutor  : Initializing ExecutorService 'applicationTaskExecutor'
2021-01-10 03:07:18.115  INFO 10037 --- [main] o.s.b.w.embedded.tomcat.TomcatWebServer  : Tomcat started on port(s): 8081 (http) with context path ''
2021-01-10 03:07:18.126  INFO 10037 --- [main] c.c.MockServer.MockServerApplication     : Started MockServerApplication in 2.258 seconds (JVM running for 2.607)
2021-01-10 03:07:30.172  INFO 10037 --- [http-nio-8081-exec-1] o.a.c.c.C.[Tomcat].[localhost].[/]       : Initializing Spring DispatcherServlet 'dispatcherServlet'
2021-01-10 03:07:30.174  INFO 10037 --- [http-nio-8081-exec-1] o.s.web.servlet.DispatcherServlet        : Initializing Servlet 'dispatcherServlet'
2021-01-10 03:07:30.175  INFO 10037 --- [http-nio-8081-exec-1] o.s.web.servlet.DispatcherServlet        : Completed initialization in 1 ms
2021-01-10 03:07:30.203  INFO 10037 --- [http-nio-8081-exec-1] c.c.M.controller.AuthorController        : inside getAllAuthorData
2021-01-10 03:07:30.221  INFO 10037 --- [http-nio-8081-exec-1] c.c.M.controller.AuthorController        : getAuthor completed null
2021-01-10 03:08:55.131  INFO 10037 --- [http-nio-8081-exec-5] c.c.M.controller.PostsController         : inside updatePosts2
2021-01-10 03:08:55.137  INFO 10037 --- [http-nio-8081-exec-5] c.c.M.controller.PostsController         : update Posts completed null
2021-01-10 03:14:46.112  INFO 10037 --- [http-nio-8081-exec-7] c.c.M.controller.PostsController         : inside getAllPostsData
2021-01-10 03:14:46.115  INFO 10037 --- [http-nio-8081-exec-7] c.c.M.controller.PostsController         : getPosts completed null
2021-01-10 03:18:56.695  INFO 10037 --- [http-nio-8081-exec-1] c.c.M.controller.PostsController         : inside deletePosts2
2021-01-10 03:18:56.698  INFO 10037 --- [http-nio-8081-exec-1] c.c.M.controller.PostsController         : removeUtilcheck{"reviews":558,"author":"CIQ","id":1,"title":"title1","views":750}
2021-01-10 03:18:56.700  INFO 10037 --- [http-nio-8081-exec-1] c.c.M.controller.PostsController         : 1
2021-01-10 03:18:56.700  INFO 10037 --- [http-nio-8081-exec-1] c.c.M.controller.PostsController         : removeUtilcheck{"reviews":512,"author":"Shiv ","id":2,"title":"You Can Win","views":1000}
2021-01-10 03:18:56.701  INFO 10037 --- [http-nio-8081-exec-1] c.c.M.controller.PostsController         : 2
2021-01-10 03:18:56.701  INFO 10037 --- [http-nio-8081-exec-1] c.c.M.controller.PostsController         : inside if
2021-01-10 03:18:56.701  INFO 10037 --- [http-nio-8081-exec-1] c.c.M.controller.PostsController         : [{"reviews":558,"author":"CIQ","id":1,"title":"title1","views":750}]
2021-01-10 03:18:56.704  INFO 10037 --- [http-nio-8081-exec-1] c.c.M.controller.PostsController         : getAllPostsData completed null
2021-01-10 03:25:34.319  INFO 10037 --- [http-nio-8081-exec-5] c.c.M.controller.AuthorController        : inside deleteAuthor3
2021-01-10 03:25:34.321  INFO 10037 --- [http-nio-8081-exec-5] c.c.M.controller.AuthorController        : removeUtilcheck{"first_Name":"Commerce","last_Name":"IQ","id":1,"posts":45}
2021-01-10 03:25:34.322  INFO 10037 --- [http-nio-8081-exec-5] c.c.M.controller.AuthorController        : 1
2021-01-10 03:25:34.322  INFO 10037 --- [http-nio-8081-exec-5] c.c.M.controller.AuthorController        : removeUtilcheck{"first_Name":"Boomerang","last_Name":"Commerce","id":2,"posts":39}
2021-01-10 03:25:34.322  INFO 10037 --- [http-nio-8081-exec-5] c.c.M.controller.AuthorController        : 2
2021-01-10 03:25:34.322  INFO 10037 --- [http-nio-8081-exec-5] c.c.M.controller.AuthorController        : removeUtilcheck{"First_Name":"South","Last_Name":"India ","id":3,"posts":1000}
2021-01-10 03:25:34.322  INFO 10037 --- [http-nio-8081-exec-5] c.c.M.controller.AuthorController        : 3
2021-01-10 03:25:34.323  INFO 10037 --- [http-nio-8081-exec-5] c.c.M.controller.AuthorController        : inside if
2021-01-10 03:25:34.323  INFO 10037 --- [http-nio-8081-exec-5] c.c.M.controller.AuthorController        : [{"first_Name":"Commerce","last_Name":"IQ","id":1,"posts":45},{"first_Name":"Boomerang","last_Name":"Commerce","id":2,"posts":39}]
2021-01-10 03:25:34.324  INFO 10037 --- [http-nio-8081-exec-5] c.c.M.controller.AuthorController        : getAllAuthorData completed null
2021-01-10 03:27:35.395  INFO 10037 --- [http-nio-8081-exec-7] c.c.M.controller.AuthorController        : inside getAllAuthorData
2021-01-10 03:27:35.397  INFO 10037 --- [http-nio-8081-exec-7] c.c.M.controller.AuthorController        : getAuthor completed null
2021-01-10 03:29:02.299  INFO 10037 --- [http-nio-8081-exec-2] c.c.M.controller.PostsController         : inside getAllPostsData
2021-01-10 03:29:02.300  INFO 10037 --- [http-nio-8081-exec-2] c.c.M.controller.PostsController         : getPosts completed null
2021-01-10 03:30:14.542  INFO 10037 --- [http-nio-8081-exec-4] c.c.M.controller.PostsController         : inside getAllPostsData
2021-01-10 03:30:14.544  INFO 10037 --- [http-nio-8081-exec-4] c.c.M.controller.PostsController         : getPosts completed null
2021-01-10 03:32:43.314  INFO 10037 --- [http-nio-8081-exec-8] c.c.M.controller.PostsController         : inside getAllPostsData
2021-01-10 03:32:43.321  INFO 10037 --- [http-nio-8081-exec-8] c.c.M.controller.PostsController         : getAllPostsData completed 200
2021-01-10 03:36:12.667  WARN 10037 --- [http-nio-8081-exec-10] .w.s.m.s.DefaultHandlerExceptionResolver : Resolved [org.springframework.web.bind.MissingServletRequestParameterException: Required String parameter '_sort' is not present]
2021-01-10 03:36:48.742  WARN 10037 --- [http-nio-8081-exec-1] .w.s.m.s.DefaultHandlerExceptionResolver : Resolved [org.springframework.web.bind.MissingServletRequestParameterException: Required String parameter '_sort' is not present]
2021-01-10 03:38:12.097  WARN 10037 --- [http-nio-8081-exec-5] .w.s.m.s.DefaultHandlerExceptionResolver : Resolved [org.springframework.web.bind.MissingServletRequestParameterException: Required String parameter '_sort' is not present]
2021-01-10 03:39:26.898  WARN 10037 --- [http-nio-8081-exec-7] .w.s.m.s.DefaultHandlerExceptionResolver : Resolved [org.springframework.web.bind.MissingServletRequestParameterException: Required String parameter '_sort' is not present]
2021-01-10 03:39:59.499  WARN 10037 --- [http-nio-8081-exec-10] .w.s.m.s.DefaultHandlerExceptionResolver : Resolved [org.springframework.web.bind.MissingServletRequestParameterException: Required String parameter '_sort' is not present]
2021-01-10 03:40:48.622  WARN 10037 --- [http-nio-8081-exec-1] .w.s.m.s.DefaultHandlerExceptionResolver : Resolved [org.springframework.web.bind.MissingServletRequestParameterException: Required String parameter '_sort' is not present]
2021-01-10 03:41:33.614  WARN 10037 --- [http-nio-8081-exec-4] .w.s.m.s.DefaultHandlerExceptionResolver : Resolved [org.springframework.web.bind.MissingServletRequestParameterException: Required String parameter '_sort' is not present]
2021-01-10 03:41:47.778  WARN 10037 --- [http-nio-8081-exec-6] .w.s.m.s.DefaultHandlerExceptionResolver : Resolved [org.springframework.web.bind.MissingServletRequestParameterException: Required String parameter '_sort' is not present]
2021-01-10 03:55:07.598 ERROR 10037 --- [http-nio-8081-exec-8] o.a.c.c.C.[.[.[/].[dispatcherServlet]    : Servlet.service() for servlet [dispatcherServlet] in context with path [] threw exception [Request processing failed; nested exception is java.lang.ClassCastException: class java.lang.Integer cannot be cast to class java.lang.String (java.lang.Integer and java.lang.String are in module java.base of loader 'bootstrap')] with root cause

java.lang.ClassCastException: class java.lang.Integer cannot be cast to class java.lang.String (java.lang.Integer and java.lang.String are in module java.base of loader 'bootstrap')
	at com.commerceIQ.MockServer.util.AuthorUtil$1.compare(AuthorUtil.java:235) ~[classes/:na]
	at java.base/java.util.TimSort.countRunAndMakeAscending(TimSort.java:355) ~[na:na]
	at java.base/java.util.TimSort.sort(TimSort.java:220) ~[na:na]
	at java.base/java.util.Arrays.sort(Arrays.java:1515) ~[na:na]
	at java.base/java.util.ArrayList.sort(ArrayList.java:1750) ~[na:na]
	at java.base/java.util.Collections.sort(Collections.java:179) ~[na:na]
	at com.commerceIQ.MockServer.util.AuthorUtil.sort(AuthorUtil.java:226) ~[classes/:na]
	at com.commerceIQ.MockServer.util.AuthorUtil.sortAllAuthor(AuthorUtil.java:213) ~[classes/:na]
	at com.commerceIQ.MockServer.controller.AuthorController.sortAuthor(AuthorController.java:124) ~[classes/:na]
	at java.base/jdk.internal.reflect.NativeMethodAccessorImpl.invoke0(Native Method) ~[na:na]
	at java.base/jdk.internal.reflect.NativeMethodAccessorImpl.invoke(NativeMethodAccessorImpl.java:62) ~[na:na]
	at java.base/jdk.internal.reflect.DelegatingMethodAccessorImpl.invoke(DelegatingMethodAccessorImpl.java:43) ~[na:na]
	at java.base/java.lang.reflect.Method.invoke(Method.java:566) ~[na:na]
	at org.springframework.web.method.support.InvocableHandlerMethod.doInvoke(InvocableHandlerMethod.java:197) ~[spring-web-5.3.2.jar:5.3.2]
	at org.springframework.web.method.support.InvocableHandlerMethod.invokeForRequest(InvocableHandlerMethod.java:141) ~[spring-web-5.3.2.jar:5.3.2]
	at org.springframework.web.servlet.mvc.method.annotation.ServletInvocableHandlerMethod.invokeAndHandle(ServletInvocableHandlerMethod.java:106) ~[spring-webmvc-5.3.2.jar:5.3.2]
	at org.springframework.web.servlet.mvc.method.annotation.RequestMappingHandlerAdapter.invokeHandlerMethod(RequestMappingHandlerAdapter.java:894) ~[spring-webmvc-5.3.2.jar:5.3.2]
	at org.springframework.web.servlet.mvc.method.annotation.RequestMappingHandlerAdapter.handleInternal(RequestMappingHandlerAdapter.java:808) ~[spring-webmvc-5.3.2.jar:5.3.2]
	at org.springframework.web.servlet.mvc.method.AbstractHandlerMethodAdapter.handle(AbstractHandlerMethodAdapter.java:87) ~[spring-webmvc-5.3.2.jar:5.3.2]
	at org.springframework.web.servlet.DispatcherServlet.doDispatch(DispatcherServlet.java:1061) ~[spring-webmvc-5.3.2.jar:5.3.2]
	at org.springframework.web.servlet.DispatcherServlet.doService(DispatcherServlet.java:961) ~[spring-webmvc-5.3.2.jar:5.3.2]
	at org.springframework.web.servlet.FrameworkServlet.processRequest(FrameworkServlet.java:1006) ~[spring-webmvc-5.3.2.jar:5.3.2]
	at org.springframework.web.servlet.FrameworkServlet.doGet(FrameworkServlet.java:898) ~[spring-webmvc-5.3.2.jar:5.3.2]
	at javax.servlet.http.HttpServlet.service(HttpServlet.java:626) ~[tomcat-embed-core-9.0.41.jar:4.0.FR]
	at org.springframework.web.servlet.FrameworkServlet.service(FrameworkServlet.java:883) ~[spring-webmvc-5.3.2.jar:5.3.2]
	at javax.servlet.http.HttpServlet.service(HttpServlet.java:733) ~[tomcat-embed-core-9.0.41.jar:4.0.FR]
	at org.apache.catalina.core.ApplicationFilterChain.internalDoFilter(ApplicationFilterChain.java:231) ~[tomcat-embed-core-9.0.41.jar:9.0.41]
	at org.apache.catalina.core.ApplicationFilterChain.doFilter(ApplicationFilterChain.java:166) ~[tomcat-embed-core-9.0.41.jar:9.0.41]
	at org.apache.tomcat.websocket.server.WsFilter.doFilter(WsFilter.java:53) ~[tomcat-embed-websocket-9.0.41.jar:9.0.41]
	at org.apache.catalina.core.ApplicationFilterChain.internalDoFilter(ApplicationFilterChain.java:193) ~[tomcat-embed-core-9.0.41.jar:9.0.41]
	at org.apache.catalina.core.ApplicationFilterChain.doFilter(ApplicationFilterChain.java:166) ~[tomcat-embed-core-9.0.41.jar:9.0.41]
	at org.springframework.web.filter.RequestContextFilter.doFilterInternal(RequestContextFilter.java:100) ~[spring-web-5.3.2.jar:5.3.2]
	at org.springframework.web.filter.OncePerRequestFilter.doFilter(OncePerRequestFilter.java:119) ~[spring-web-5.3.2.jar:5.3.2]
	at org.apache.catalina.core.ApplicationFilterChain.internalDoFilter(ApplicationFilterChain.java:193) ~[tomcat-embed-core-9.0.41.jar:9.0.41]
	at org.apache.catalina.core.ApplicationFilterChain.doFilter(ApplicationFilterChain.java:166) ~[tomcat-embed-core-9.0.41.jar:9.0.41]
	at org.springframework.web.filter.FormContentFilter.doFilterInternal(FormContentFilter.java:93) ~[spring-web-5.3.2.jar:5.3.2]
	at org.springframework.web.filter.OncePerRequestFilter.doFilter(OncePerRequestFilter.java:119) ~[spring-web-5.3.2.jar:5.3.2]
	at org.apache.catalina.core.ApplicationFilterChain.internalDoFilter(ApplicationFilterChain.java:193) ~[tomcat-embed-core-9.0.41.jar:9.0.41]
	at org.apache.catalina.core.ApplicationFilterChain.doFilter(ApplicationFilterChain.java:166) ~[tomcat-embed-core-9.0.41.jar:9.0.41]
	at org.springframework.web.filter.CharacterEncodingFilter.doFilterInternal(CharacterEncodingFilter.java:201) ~[spring-web-5.3.2.jar:5.3.2]
	at org.springframework.web.filter.OncePerRequestFilter.doFilter(OncePerRequestFilter.java:119) ~[spring-web-5.3.2.jar:5.3.2]
	at org.apache.catalina.core.ApplicationFilterChain.internalDoFilter(ApplicationFilterChain.java:193) ~[tomcat-embed-core-9.0.41.jar:9.0.41]
	at org.apache.catalina.core.ApplicationFilterChain.doFilter(ApplicationFilterChain.java:166) ~[tomcat-embed-core-9.0.41.jar:9.0.41]
	at org.apache.catalina.core.StandardWrapperValve.invoke(StandardWrapperValve.java:202) ~[tomcat-embed-core-9.0.41.jar:9.0.41]
	at org.apache.catalina.core.StandardContextValve.invoke(StandardContextValve.java:97) ~[tomcat-embed-core-9.0.41.jar:9.0.41]
	at org.apache.catalina.authenticator.AuthenticatorBase.invoke(AuthenticatorBase.java:542) ~[tomcat-embed-core-9.0.41.jar:9.0.41]
	at org.apache.catalina.core.StandardHostValve.invoke(StandardHostValve.java:143) ~[tomcat-embed-core-9.0.41.jar:9.0.41]
	at org.apache.catalina.valves.ErrorReportValve.invoke(ErrorReportValve.java:92) ~[tomcat-embed-core-9.0.41.jar:9.0.41]
	at org.apache.catalina.core.StandardEngineValve.invoke(StandardEngineValve.java:78) ~[tomcat-embed-core-9.0.41.jar:9.0.41]
	at org.apache.catalina.connector.CoyoteAdapter.service(CoyoteAdapter.java:343) ~[tomcat-embed-core-9.0.41.jar:9.0.41]
	at org.apache.coyote.http11.Http11Processor.service(Http11Processor.java:374) ~[tomcat-embed-core-9.0.41.jar:9.0.41]
	at org.apache.coyote.AbstractProcessorLight.process(AbstractProcessorLight.java:65) ~[tomcat-embed-core-9.0.41.jar:9.0.41]
	at org.apache.coyote.AbstractProtocol$ConnectionHandler.process(AbstractProtocol.java:888) ~[tomcat-embed-core-9.0.41.jar:9.0.41]
	at org.apache.tomcat.util.net.NioEndpoint$SocketProcessor.doRun(NioEndpoint.java:1597) ~[tomcat-embed-core-9.0.41.jar:9.0.41]
	at org.apache.tomcat.util.net.SocketProcessorBase.run(SocketProcessorBase.java:49) ~[tomcat-embed-core-9.0.41.jar:9.0.41]
	at java.base/java.util.concurrent.ThreadPoolExecutor.runWorker(ThreadPoolExecutor.java:1128) ~[na:na]
	at java.base/java.util.concurrent.ThreadPoolExecutor$Worker.run(ThreadPoolExecutor.java:628) ~[na:na]
	at org.apache.tomcat.util.threads.TaskThread$WrappingRunnable.run(TaskThread.java:61) ~[tomcat-embed-core-9.0.41.jar:9.0.41]
	at java.base/java.lang.Thread.run(Thread.java:834) ~[na:na]

2021-01-10 04:06:24.119  INFO 10037 --- [http-nio-8081-exec-9] c.c.M.controller.AuthorController        : inside getAllAuthorData
2021-01-10 04:06:24.134  INFO 10037 --- [http-nio-8081-exec-9] c.c.M.controller.AuthorController        : getAllAuthorData completed 200
2021-01-10 04:18:36.486  INFO 10037 --- [SpringContextShutdownHook] o.s.s.concurrent.ThreadPoolTaskExecutor  : Shutting down ExecutorService 'applicationTaskExecutor'